{"name":"application_server","hostname":"TlanPA-NB06","pid":9552,"level":30,"msg":"Starting server blocks...","time":"2014-11-05T13:33:08.587Z","v":0}
{"name":"application_server","hostname":"TlanPA-NB06","pid":9552,"widget_type":"pas-core","level":30,"msg":"Initializing Application Server Core block...","time":"2014-11-05T13:33:08.603Z","v":0}
{"name":"application_server","hostname":"TlanPA-NB06","pid":9552,"widget_type":"pas-router","level":30,"msg":"Configuring ExpressJS for routing...","time":"2014-11-05T13:33:09.500Z","v":0}
{"name":"application_server","hostname":"TlanPA-NB06","pid":9552,"widget_type":"pas-router","level":30,"msg":"Loading API  /app/nbapi/routes","time":"2014-11-05T13:33:09.625Z","v":0}
{"name":"application_server","hostname":"TlanPA-NB06","pid":9552,"widget_type":"pas-router","level":30,"msg":"Creating http server...","time":"2014-11-05T13:33:09.641Z","v":0}
{"name":"application_server","hostname":"TlanPA-NB06","pid":9552,"widget_type":"pas-router","level":30,"msg":"Pegasus HTTP Server listening on port  5000","time":"2014-11-05T13:33:09.656Z","v":0}
{"name":"application_server","hostname":"TlanPA-NB06","pid":9552,"widget_type":"pas-router","level":40,"msg":"Pegasus HTTPS Server is not enabled! Please consider enable it to provide a secure API.","time":"2014-11-05T13:33:09.656Z","v":0}
{"name":"application_server","hostname":"TlanPA-NB06","pid":9552,"level":30,"msg":"Pegasus Application Server is up and flying...","time":"2014-11-05T13:33:09.656Z","v":0}
{"name":"application_server","hostname":"TlanPA-NB06","pid":7580,"level":30,"msg":"Starting server blocks...","time":"2014-11-05T13:42:40.928Z","v":0}
{"name":"application_server","hostname":"TlanPA-NB06","pid":7580,"widget_type":"pas-core","level":30,"msg":"Initializing Application Server Core block...","time":"2014-11-05T13:42:40.934Z","v":0}
{"name":"application_server","hostname":"TlanPA-NB06","pid":7580,"widget_type":"pas-router","level":30,"msg":"Configuring ExpressJS for routing...","time":"2014-11-05T13:42:41.828Z","v":0}
{"name":"application_server","hostname":"TlanPA-NB06","pid":7580,"widget_type":"pas-router","level":30,"msg":"Loading API  /app/nbapi/routes","time":"2014-11-05T13:42:41.939Z","v":0}
{"name":"application_server","hostname":"TlanPA-NB06","pid":7580,"widget_type":"pas-router","level":50,"msg":"Error loading API:  /app/nbapi/routes","time":"2014-11-05T13:42:41.939Z","v":0}
{"name":"application_server","hostname":"TlanPA-NB06","pid":7580,"widget_type":"pas-router","level":30,"msg":"Creating http server...","time":"2014-11-05T13:42:41.941Z","v":0}
{"name":"application_server","hostname":"TlanPA-NB06","pid":7580,"widget_type":"pas-router","level":30,"msg":"Pegasus HTTP Server listening on port  5000","time":"2014-11-05T13:42:41.948Z","v":0}
{"name":"application_server","hostname":"TlanPA-NB06","pid":7580,"widget_type":"pas-router","level":40,"msg":"Pegasus HTTPS Server is not enabled! Please consider enable it to provide a secure API.","time":"2014-11-05T13:42:41.948Z","v":0}
{"name":"application_server","hostname":"TlanPA-NB06","pid":7580,"level":30,"msg":"Pegasus Application Server is up and flying...","time":"2014-11-05T13:42:41.948Z","v":0}
{"name":"application_server","hostname":"TlanPA-NB06","pid":9100,"level":30,"msg":"Starting server blocks...","time":"2014-11-05T13:43:15.098Z","v":0}
{"name":"application_server","hostname":"TlanPA-NB06","pid":9100,"widget_type":"pas-core","level":30,"msg":"Initializing Application Server Core block...","time":"2014-11-05T13:43:15.113Z","v":0}
{"name":"application_server","hostname":"TlanPA-NB06","pid":9100,"widget_type":"pas-router","level":30,"msg":"Configuring ExpressJS for routing...","time":"2014-11-05T13:43:15.973Z","v":0}
{"name":"application_server","hostname":"TlanPA-NB06","pid":9100,"widget_type":"pas-router","level":30,"msg":"Loading API  /app/nbapi/routes","time":"2014-11-05T13:43:16.082Z","v":0}
{"name":"application_server","hostname":"TlanPA-NB06","pid":9100,"widget_type":"pas-router","level":50,"msg":"Error loading API:  /app/nbapi/routes","time":"2014-11-05T13:43:16.082Z","v":0}
{"name":"application_server","hostname":"TlanPA-NB06","pid":9100,"widget_type":"pas-router","level":30,"msg":"Creating http server...","time":"2014-11-05T13:43:16.082Z","v":0}
{"name":"application_server","hostname":"TlanPA-NB06","pid":9100,"widget_type":"pas-router","level":30,"msg":"Pegasus HTTP Server listening on port  5000","time":"2014-11-05T13:43:16.098Z","v":0}
{"name":"application_server","hostname":"TlanPA-NB06","pid":9100,"widget_type":"pas-router","level":40,"msg":"Pegasus HTTPS Server is not enabled! Please consider enable it to provide a secure API.","time":"2014-11-05T13:43:16.098Z","v":0}
{"name":"application_server","hostname":"TlanPA-NB06","pid":9100,"level":30,"msg":"Pegasus Application Server is up and flying...","time":"2014-11-05T13:43:16.098Z","v":0}
{"name":"application_server","hostname":"TlanPA-NB06","pid":6792,"level":30,"msg":"Starting server blocks...","time":"2014-11-05T13:44:00.885Z","v":0}
{"name":"application_server","hostname":"TlanPA-NB06","pid":6792,"widget_type":"pas-core","level":30,"msg":"Initializing Application Server Core block...","time":"2014-11-05T13:44:00.901Z","v":0}
{"name":"application_server","hostname":"TlanPA-NB06","pid":6792,"widget_type":"pas-router","level":30,"msg":"Configuring ExpressJS for routing...","time":"2014-11-05T13:44:01.802Z","v":0}
{"name":"application_server","hostname":"TlanPA-NB06","pid":6792,"widget_type":"pas-router","level":30,"msg":"Loading API  /app/nbapi/routes","time":"2014-11-05T13:44:01.907Z","v":0}
{"name":"application_server","hostname":"TlanPA-NB06","pid":6792,"widget_type":"pas-router","level":50,"msg":"Error loading API:  /app/nbapi/routes","time":"2014-11-05T13:44:01.908Z","v":0}
{"name":"application_server","hostname":"TlanPA-NB06","pid":6792,"widget_type":"pas-router","level":30,"msg":"Creating http server...","time":"2014-11-05T13:44:01.909Z","v":0}
{"name":"application_server","hostname":"TlanPA-NB06","pid":6792,"widget_type":"pas-router","level":30,"msg":"Pegasus HTTP Server listening on port  5000","time":"2014-11-05T13:44:01.915Z","v":0}
{"name":"application_server","hostname":"TlanPA-NB06","pid":6792,"widget_type":"pas-router","level":40,"msg":"Pegasus HTTPS Server is not enabled! Please consider enable it to provide a secure API.","time":"2014-11-05T13:44:01.915Z","v":0}
{"name":"application_server","hostname":"TlanPA-NB06","pid":6792,"level":30,"msg":"Pegasus Application Server is up and flying...","time":"2014-11-05T13:44:01.915Z","v":0}
{"name":"application_server","hostname":"TlanPA-NB06","pid":3652,"level":30,"msg":"Starting server blocks...","time":"2014-11-05T13:44:20.869Z","v":0}
{"name":"application_server","hostname":"TlanPA-NB06","pid":3652,"widget_type":"pas-core","level":30,"msg":"Initializing Application Server Core block...","time":"2014-11-05T13:44:20.875Z","v":0}
{"name":"application_server","hostname":"TlanPA-NB06","pid":3652,"widget_type":"pas-router","level":30,"msg":"Configuring ExpressJS for routing...","time":"2014-11-05T13:44:21.774Z","v":0}
{"name":"application_server","hostname":"TlanPA-NB06","pid":3652,"widget_type":"pas-router","level":30,"msg":"Loading API  /app/nbapi/routes","time":"2014-11-05T13:44:21.885Z","v":0}
{"name":"application_server","hostname":"TlanPA-NB06","pid":3652,"widget_type":"pas-router","level":50,"msg":"Error loading API:  /app/nbapi/routes","time":"2014-11-05T13:44:21.906Z","v":0}
{"name":"application_server","hostname":"TlanPA-NB06","pid":3652,"widget_type":"pas-router","level":30,"msg":"Creating http server...","time":"2014-11-05T13:44:21.907Z","v":0}
{"name":"application_server","hostname":"TlanPA-NB06","pid":3652,"widget_type":"pas-router","level":30,"msg":"Pegasus HTTP Server listening on port  5000","time":"2014-11-05T13:44:21.913Z","v":0}
{"name":"application_server","hostname":"TlanPA-NB06","pid":3652,"widget_type":"pas-router","level":40,"msg":"Pegasus HTTPS Server is not enabled! Please consider enable it to provide a secure API.","time":"2014-11-05T13:44:21.913Z","v":0}
{"name":"application_server","hostname":"TlanPA-NB06","pid":3652,"level":30,"msg":"Pegasus Application Server is up and flying...","time":"2014-11-05T13:44:21.913Z","v":0}
{"name":"application_server","hostname":"TlanPA-NB06","pid":6452,"level":30,"msg":"Starting server blocks...","time":"2014-11-05T13:48:51.614Z","v":0}
{"name":"application_server","hostname":"TlanPA-NB06","pid":6452,"widget_type":"pas-core","level":30,"msg":"Initializing Application Server Core block...","time":"2014-11-05T13:48:51.614Z","v":0}
{"name":"application_server","hostname":"TlanPA-NB06","pid":6452,"widget_type":"pas-router","level":30,"msg":"Configuring ExpressJS for routing...","time":"2014-11-05T13:48:52.501Z","v":0}
{"name":"application_server","hostname":"TlanPA-NB06","pid":6452,"widget_type":"pas-router","level":30,"msg":"Loading API  /app/nbapi/routes","time":"2014-11-05T13:48:52.611Z","v":0}
{"name":"application_server","hostname":"TlanPA-NB06","pid":6452,"widget_type":"pas-router","level":50,"msg":"Error loading API:  /app/nbapi/routes","time":"2014-11-05T13:48:52.626Z","v":0}
{"name":"application_server","hostname":"TlanPA-NB06","pid":6452,"widget_type":"pas-router","level":30,"msg":"Creating http server...","time":"2014-11-05T13:48:52.626Z","v":0}
{"name":"application_server","hostname":"TlanPA-NB06","pid":6452,"widget_type":"pas-router","level":30,"msg":"Pegasus HTTP Server listening on port  5000","time":"2014-11-05T13:48:52.642Z","v":0}
{"name":"application_server","hostname":"TlanPA-NB06","pid":6452,"widget_type":"pas-router","level":40,"msg":"Pegasus HTTPS Server is not enabled! Please consider enable it to provide a secure API.","time":"2014-11-05T13:48:52.642Z","v":0}
{"name":"application_server","hostname":"TlanPA-NB06","pid":6452,"level":30,"msg":"Pegasus Application Server is up and flying...","time":"2014-11-05T13:48:52.642Z","v":0}
{"name":"application_server","hostname":"TlanPA-NB06","pid":7164,"level":30,"msg":"Starting server blocks...","time":"2014-11-05T13:50:29.335Z","v":0}
{"name":"application_server","hostname":"TlanPA-NB06","pid":7164,"widget_type":"pas-core","level":30,"msg":"Initializing Application Server Core block...","time":"2014-11-05T13:50:29.350Z","v":0}
{"name":"application_server","hostname":"TlanPA-NB06","pid":7164,"widget_type":"pas-router","level":30,"msg":"Configuring ExpressJS for routing...","time":"2014-11-05T13:50:30.225Z","v":0}
{"name":"application_server","hostname":"TlanPA-NB06","pid":7164,"widget_type":"pas-router","level":30,"msg":"Loading API  /app/nbapi/routes","time":"2014-11-05T13:50:30.319Z","v":0}
{"name":"application_server","hostname":"TlanPA-NB06","pid":7164,"widget_type":"pas-router","level":30,"msg":"Creating http server...","time":"2014-11-05T13:50:30.350Z","v":0}
{"name":"application_server","hostname":"TlanPA-NB06","pid":7164,"widget_type":"pas-router","level":30,"msg":"Pegasus HTTP Server listening on port  5000","time":"2014-11-05T13:50:30.350Z","v":0}
{"name":"application_server","hostname":"TlanPA-NB06","pid":7164,"widget_type":"pas-router","level":40,"msg":"Pegasus HTTPS Server is not enabled! Please consider enable it to provide a secure API.","time":"2014-11-05T13:50:30.350Z","v":0}
{"name":"application_server","hostname":"TlanPA-NB06","pid":7164,"level":30,"msg":"Pegasus Application Server is up and flying...","time":"2014-11-05T13:50:30.350Z","v":0}
{"name":"application_server","hostname":"TlanPA-NB06","pid":9396,"level":30,"msg":"Starting server blocks...","time":"2014-11-05T13:53:45.483Z","v":0}
{"name":"application_server","hostname":"TlanPA-NB06","pid":9396,"widget_type":"pas-core","level":30,"msg":"Initializing Application Server Core block...","time":"2014-11-05T13:53:45.483Z","v":0}
{"name":"application_server","hostname":"TlanPA-NB06","pid":9396,"widget_type":"pas-router","level":30,"msg":"Configuring ExpressJS for routing...","time":"2014-11-05T13:53:46.424Z","v":0}
{"name":"application_server","hostname":"TlanPA-NB06","pid":9396,"widget_type":"pas-router","level":30,"msg":"Loading API  /app/nbapi/routes","time":"2014-11-05T13:53:46.551Z","v":0}
{"name":"application_server","hostname":"TlanPA-NB06","pid":9396,"widget_type":"pas-router","level":30,"msg":"Creating http server...","time":"2014-11-05T13:53:46.591Z","v":0}
{"name":"application_server","hostname":"TlanPA-NB06","pid":9396,"widget_type":"pas-router","level":30,"msg":"Pegasus HTTP Server listening on port  5000","time":"2014-11-05T13:53:46.599Z","v":0}
{"name":"application_server","hostname":"TlanPA-NB06","pid":9396,"widget_type":"pas-router","level":40,"msg":"Pegasus HTTPS Server is not enabled! Please consider enable it to provide a secure API.","time":"2014-11-05T13:53:46.599Z","v":0}
{"name":"application_server","hostname":"TlanPA-NB06","pid":9396,"level":30,"msg":"Pegasus Application Server is up and flying...","time":"2014-11-05T13:53:46.599Z","v":0}
{"name":"application_server","hostname":"TlanPA-NB06","pid":9228,"level":30,"msg":"Starting server blocks...","time":"2014-11-05T13:53:50.685Z","v":0}
{"name":"application_server","hostname":"TlanPA-NB06","pid":9228,"widget_type":"pas-core","level":30,"msg":"Initializing Application Server Core block...","time":"2014-11-05T13:53:50.690Z","v":0}
{"name":"application_server","hostname":"TlanPA-NB06","pid":9228,"widget_type":"pas-router","level":30,"msg":"Configuring ExpressJS for routing...","time":"2014-11-05T13:53:51.625Z","v":0}
{"name":"application_server","hostname":"TlanPA-NB06","pid":9228,"widget_type":"pas-router","level":30,"msg":"Loading API  /app/nbapi/routes","time":"2014-11-05T13:53:51.750Z","v":0}
{"name":"application_server","hostname":"TlanPA-NB06","pid":9228,"widget_type":"pas-router","level":30,"msg":"Creating http server...","time":"2014-11-05T13:53:51.780Z","v":0}
{"name":"application_server","hostname":"TlanPA-NB06","pid":9228,"widget_type":"pas-router","level":30,"msg":"Pegasus HTTP Server listening on port  5000","time":"2014-11-05T13:53:51.790Z","v":0}
{"name":"application_server","hostname":"TlanPA-NB06","pid":9228,"widget_type":"pas-router","level":40,"msg":"Pegasus HTTPS Server is not enabled! Please consider enable it to provide a secure API.","time":"2014-11-05T13:53:51.790Z","v":0}
{"name":"application_server","hostname":"TlanPA-NB06","pid":9228,"level":30,"msg":"Pegasus Application Server is up and flying...","time":"2014-11-05T13:53:51.790Z","v":0}
{"name":"application_server","hostname":"TlanPA-NB06","pid":2404,"level":30,"msg":"Starting server blocks...","time":"2014-11-05T13:56:15.898Z","v":0}
{"name":"application_server","hostname":"TlanPA-NB06","pid":2404,"widget_type":"pas-core","level":30,"msg":"Initializing Application Server Core block...","time":"2014-11-05T13:56:15.904Z","v":0}
{"name":"application_server","hostname":"TlanPA-NB06","pid":2404,"widget_type":"pas-router","level":30,"msg":"Configuring ExpressJS for routing...","time":"2014-11-05T13:56:16.838Z","v":0}
{"name":"application_server","hostname":"TlanPA-NB06","pid":2404,"widget_type":"pas-router","level":30,"msg":"Loading API  /app/nbapi/routes","time":"2014-11-05T13:56:16.956Z","v":0}
{"name":"application_server","hostname":"TlanPA-NB06","pid":2404,"widget_type":"pas-router","level":30,"msg":"Creating http server...","time":"2014-11-05T13:56:16.986Z","v":0}
{"name":"application_server","hostname":"TlanPA-NB06","pid":2404,"widget_type":"pas-router","level":30,"msg":"Pegasus HTTP Server listening on port  5000","time":"2014-11-05T13:56:16.993Z","v":0}
{"name":"application_server","hostname":"TlanPA-NB06","pid":2404,"widget_type":"pas-router","level":40,"msg":"Pegasus HTTPS Server is not enabled! Please consider enable it to provide a secure API.","time":"2014-11-05T13:56:16.993Z","v":0}
{"name":"application_server","hostname":"TlanPA-NB06","pid":2404,"level":30,"msg":"Pegasus Application Server is up and flying...","time":"2014-11-05T13:56:16.993Z","v":0}
{"name":"application_server","hostname":"TlanPA-NB06","pid":7488,"level":30,"msg":"Starting server blocks...","time":"2014-11-05T13:57:16.081Z","v":0}
{"name":"application_server","hostname":"TlanPA-NB06","pid":7488,"widget_type":"pas-core","level":30,"msg":"Initializing Application Server Core block...","time":"2014-11-05T13:57:16.081Z","v":0}
{"name":"application_server","hostname":"TlanPA-NB06","pid":7488,"widget_type":"pas-router","level":30,"msg":"Configuring ExpressJS for routing...","time":"2014-11-05T13:57:17.015Z","v":0}
{"name":"application_server","hostname":"TlanPA-NB06","pid":7488,"widget_type":"pas-router","level":30,"msg":"Loading API  /app/nbapi/routes","time":"2014-11-05T13:57:17.138Z","v":0}
{"name":"application_server","hostname":"TlanPA-NB06","pid":7488,"widget_type":"pas-router","level":30,"msg":"Creating http server...","time":"2014-11-05T13:57:17.155Z","v":0}
{"name":"application_server","hostname":"TlanPA-NB06","pid":7488,"widget_type":"pas-router","level":30,"msg":"Pegasus HTTP Server listening on port  5000","time":"2014-11-05T13:57:17.171Z","v":0}
{"name":"application_server","hostname":"TlanPA-NB06","pid":7488,"widget_type":"pas-router","level":40,"msg":"Pegasus HTTPS Server is not enabled! Please consider enable it to provide a secure API.","time":"2014-11-05T13:57:17.171Z","v":0}
{"name":"application_server","hostname":"TlanPA-NB06","pid":7488,"level":30,"msg":"Pegasus Application Server is up and flying...","time":"2014-11-05T13:57:17.171Z","v":0}
{"name":"application_server","hostname":"TlanPA-NB06","pid":6640,"level":30,"msg":"Starting server blocks...","time":"2014-11-05T13:57:21.103Z","v":0}
{"name":"application_server","hostname":"TlanPA-NB06","pid":6640,"widget_type":"pas-core","level":30,"msg":"Initializing Application Server Core block...","time":"2014-11-05T13:57:21.109Z","v":0}
{"name":"application_server","hostname":"TlanPA-NB06","pid":6640,"widget_type":"pas-router","level":30,"msg":"Configuring ExpressJS for routing...","time":"2014-11-05T13:57:22.044Z","v":0}
{"name":"application_server","hostname":"TlanPA-NB06","pid":6640,"widget_type":"pas-router","level":30,"msg":"Loading API  /app/nbapi/routes","time":"2014-11-05T13:57:22.186Z","v":0}
{"name":"application_server","hostname":"TlanPA-NB06","pid":6640,"widget_type":"pas-router","level":30,"msg":"Creating http server...","time":"2014-11-05T13:57:22.216Z","v":0}
{"name":"application_server","hostname":"TlanPA-NB06","pid":6640,"widget_type":"pas-router","level":30,"msg":"Pegasus HTTP Server listening on port  5000","time":"2014-11-05T13:57:22.224Z","v":0}
{"name":"application_server","hostname":"TlanPA-NB06","pid":6640,"widget_type":"pas-router","level":40,"msg":"Pegasus HTTPS Server is not enabled! Please consider enable it to provide a secure API.","time":"2014-11-05T13:57:22.224Z","v":0}
{"name":"application_server","hostname":"TlanPA-NB06","pid":6640,"level":30,"msg":"Pegasus Application Server is up and flying...","time":"2014-11-05T13:57:22.224Z","v":0}
{"name":"application_server","hostname":"TlanPA-NB06","pid":2484,"level":30,"msg":"Starting server blocks...","time":"2014-11-05T13:59:26.951Z","v":0}
{"name":"application_server","hostname":"TlanPA-NB06","pid":2484,"widget_type":"pas-core","level":30,"msg":"Initializing Application Server Core block...","time":"2014-11-05T13:59:26.951Z","v":0}
{"name":"application_server","hostname":"TlanPA-NB06","pid":2484,"widget_type":"pas-router","level":30,"msg":"Configuring ExpressJS for routing...","time":"2014-11-05T13:59:27.947Z","v":0}
{"name":"application_server","hostname":"TlanPA-NB06","pid":2484,"widget_type":"pas-router","level":30,"msg":"Loading API  /app/nbapi/routes","time":"2014-11-05T13:59:28.068Z","v":0}
{"name":"application_server","hostname":"TlanPA-NB06","pid":2484,"widget_type":"pas-router","level":30,"msg":"Creating http server...","time":"2014-11-05T13:59:28.097Z","v":0}
{"name":"application_server","hostname":"TlanPA-NB06","pid":2484,"widget_type":"pas-router","level":30,"msg":"Pegasus HTTP Server listening on port  5000","time":"2014-11-05T13:59:28.104Z","v":0}
{"name":"application_server","hostname":"TlanPA-NB06","pid":2484,"widget_type":"pas-router","level":40,"msg":"Pegasus HTTPS Server is not enabled! Please consider enable it to provide a secure API.","time":"2014-11-05T13:59:28.104Z","v":0}
{"name":"application_server","hostname":"TlanPA-NB06","pid":2484,"level":30,"msg":"Pegasus Application Server is up and flying...","time":"2014-11-05T13:59:28.104Z","v":0}
{"name":"application_server","hostname":"TlanPA-NB06","pid":9484,"level":30,"msg":"Starting server blocks...","time":"2014-11-05T13:59:44.516Z","v":0}
{"name":"application_server","hostname":"TlanPA-NB06","pid":9484,"widget_type":"pas-core","level":30,"msg":"Initializing Application Server Core block...","time":"2014-11-05T13:59:44.516Z","v":0}
{"name":"application_server","hostname":"TlanPA-NB06","pid":9484,"widget_type":"pas-router","level":30,"msg":"Configuring ExpressJS for routing...","time":"2014-11-05T13:59:45.207Z","v":0}
{"name":"application_server","hostname":"TlanPA-NB06","pid":9484,"widget_type":"pas-router","level":30,"msg":"Loading API  /app/nbapi/routes","time":"2014-11-05T13:59:45.296Z","v":0}
{"name":"application_server","hostname":"TlanPA-NB06","pid":9484,"widget_type":"pas-router","level":30,"msg":"Creating http server...","time":"2014-11-05T13:59:45.316Z","v":0}
{"name":"application_server","hostname":"TlanPA-NB06","pid":9484,"widget_type":"pas-router","level":30,"msg":"Pegasus HTTP Server listening on port  5000","time":"2014-11-05T13:59:45.322Z","v":0}
{"name":"application_server","hostname":"TlanPA-NB06","pid":9484,"widget_type":"pas-router","level":40,"msg":"Pegasus HTTPS Server is not enabled! Please consider enable it to provide a secure API.","time":"2014-11-05T13:59:45.322Z","v":0}
{"name":"application_server","hostname":"TlanPA-NB06","pid":9484,"level":30,"msg":"Pegasus Application Server is up and flying...","time":"2014-11-05T13:59:45.322Z","v":0}
{"name":"application_server","hostname":"TlanPA-NB06","pid":5000,"level":30,"msg":"Starting server blocks...","time":"2014-11-05T14:01:11.638Z","v":0}
{"name":"application_server","hostname":"TlanPA-NB06","pid":5000,"widget_type":"pas-core","level":30,"msg":"Initializing Application Server Core block...","time":"2014-11-05T14:01:11.638Z","v":0}
{"name":"application_server","hostname":"TlanPA-NB06","pid":5000,"widget_type":"pas-router","level":30,"msg":"Configuring ExpressJS for routing...","time":"2014-11-05T14:01:12.544Z","v":0}
{"name":"application_server","hostname":"TlanPA-NB06","pid":5000,"widget_type":"pas-router","level":30,"msg":"Loading API  /app/nbapi/routes","time":"2014-11-05T14:01:12.669Z","v":0}
{"name":"application_server","hostname":"TlanPA-NB06","pid":5000,"widget_type":"pas-router","level":30,"msg":"Publishing folder  /public","time":"2014-11-05T14:01:12.685Z","v":0}
{"name":"application_server","hostname":"TlanPA-NB06","pid":5000,"widget_type":"pas-router","level":30,"msg":"Creating http server...","time":"2014-11-05T14:01:12.685Z","v":0}
{"name":"application_server","hostname":"TlanPA-NB06","pid":5000,"widget_type":"pas-router","level":30,"msg":"Pegasus HTTP Server listening on port  5000","time":"2014-11-05T14:01:12.700Z","v":0}
{"name":"application_server","hostname":"TlanPA-NB06","pid":5000,"widget_type":"pas-router","level":40,"msg":"Pegasus HTTPS Server is not enabled! Please consider enable it to provide a secure API.","time":"2014-11-05T14:01:12.700Z","v":0}
{"name":"application_server","hostname":"TlanPA-NB06","pid":5000,"level":30,"msg":"Pegasus Application Server is up and flying...","time":"2014-11-05T14:01:12.700Z","v":0}
{"name":"application_server","hostname":"TlanPA-NB06","pid":7164,"level":30,"msg":"Starting server blocks...","time":"2014-11-05T14:02:25.098Z","v":0}
{"name":"application_server","hostname":"TlanPA-NB06","pid":7164,"widget_type":"pas-core","level":30,"msg":"Initializing Application Server Core block...","time":"2014-11-05T14:02:25.114Z","v":0}
{"name":"application_server","hostname":"TlanPA-NB06","pid":7164,"widget_type":"pas-router","level":30,"msg":"Configuring ExpressJS for routing...","time":"2014-11-05T14:02:25.973Z","v":0}
{"name":"application_server","hostname":"TlanPA-NB06","pid":7164,"widget_type":"pas-router","level":30,"msg":"Loading API  /app/nbapi/routes","time":"2014-11-05T14:02:26.082Z","v":0}
{"name":"application_server","hostname":"TlanPA-NB06","pid":7164,"widget_type":"pas-router","level":30,"msg":"Publishing folder  /public","time":"2014-11-05T14:02:26.098Z","v":0}
{"name":"application_server","hostname":"TlanPA-NB06","pid":7164,"widget_type":"pas-router","level":30,"msg":"Creating http server...","time":"2014-11-05T14:02:26.098Z","v":0}
{"name":"application_server","hostname":"TlanPA-NB06","pid":7164,"widget_type":"pas-router","level":30,"msg":"Pegasus HTTP Server listening on port  5000","time":"2014-11-05T14:02:26.114Z","v":0}
{"name":"application_server","hostname":"TlanPA-NB06","pid":7164,"widget_type":"pas-router","level":40,"msg":"Pegasus HTTPS Server is not enabled! Please consider enable it to provide a secure API.","time":"2014-11-05T14:02:26.114Z","v":0}
{"name":"application_server","hostname":"TlanPA-NB06","pid":7164,"level":30,"msg":"Pegasus Application Server is up and flying...","time":"2014-11-05T14:02:26.114Z","v":0}
{"name":"application_server","hostname":"TlanPA-NB06","pid":5872,"level":30,"msg":"Starting server blocks...","time":"2014-11-05T14:02:39.666Z","v":0}
{"name":"application_server","hostname":"TlanPA-NB06","pid":5872,"widget_type":"pas-core","level":30,"msg":"Initializing Application Server Core block...","time":"2014-11-05T14:02:39.681Z","v":0}
{"name":"application_server","hostname":"TlanPA-NB06","pid":5872,"widget_type":"pas-router","level":30,"msg":"Configuring ExpressJS for routing...","time":"2014-11-05T14:02:40.632Z","v":0}
{"name":"application_server","hostname":"TlanPA-NB06","pid":5872,"widget_type":"pas-router","level":30,"msg":"Loading API  /app/nbapi/routes","time":"2014-11-05T14:02:40.768Z","v":0}
{"name":"application_server","hostname":"TlanPA-NB06","pid":5872,"widget_type":"pas-router","level":30,"msg":"Publishing folder  /public","time":"2014-11-05T14:02:40.806Z","v":0}
{"name":"application_server","hostname":"TlanPA-NB06","pid":5872,"widget_type":"pas-router","level":30,"msg":"Creating http server...","time":"2014-11-05T14:02:40.806Z","v":0}
{"name":"application_server","hostname":"TlanPA-NB06","pid":5872,"widget_type":"pas-router","level":30,"msg":"Pegasus HTTP Server listening on port  5000","time":"2014-11-05T14:02:40.815Z","v":0}
{"name":"application_server","hostname":"TlanPA-NB06","pid":5872,"widget_type":"pas-router","level":40,"msg":"Pegasus HTTPS Server is not enabled! Please consider enable it to provide a secure API.","time":"2014-11-05T14:02:40.815Z","v":0}
{"name":"application_server","hostname":"TlanPA-NB06","pid":5872,"level":30,"msg":"Pegasus Application Server is up and flying...","time":"2014-11-05T14:02:40.815Z","v":0}
{"name":"application_server","hostname":"TlanPA-NB06","pid":8440,"level":30,"msg":"Starting server blocks...","time":"2014-11-05T14:04:00.484Z","v":0}
{"name":"application_server","hostname":"TlanPA-NB06","pid":8440,"widget_type":"pas-core","level":30,"msg":"Initializing Application Server Core block...","time":"2014-11-05T14:04:00.490Z","v":0}
{"name":"application_server","hostname":"TlanPA-NB06","pid":8440,"widget_type":"pas-router","level":30,"msg":"Configuring ExpressJS for routing...","time":"2014-11-05T14:04:01.450Z","v":0}
{"name":"application_server","hostname":"TlanPA-NB06","pid":8440,"widget_type":"pas-router","level":30,"msg":"Loading API  /app/nbapi/routes","time":"2014-11-05T14:04:01.575Z","v":0}
{"name":"application_server","hostname":"TlanPA-NB06","pid":8440,"widget_type":"pas-router","level":30,"msg":"Publishing folder  /public","time":"2014-11-05T14:04:01.603Z","v":0}
{"name":"application_server","hostname":"TlanPA-NB06","pid":8440,"widget_type":"pas-router","level":30,"msg":"Creating http server...","time":"2014-11-05T14:04:01.604Z","v":0}
{"name":"application_server","hostname":"TlanPA-NB06","pid":8440,"widget_type":"pas-router","level":30,"msg":"Pegasus HTTP Server listening on port  5000","time":"2014-11-05T14:04:01.610Z","v":0}
{"name":"application_server","hostname":"TlanPA-NB06","pid":8440,"widget_type":"pas-router","level":40,"msg":"Pegasus HTTPS Server is not enabled! Please consider enable it to provide a secure API.","time":"2014-11-05T14:04:01.610Z","v":0}
{"name":"application_server","hostname":"TlanPA-NB06","pid":8440,"level":30,"msg":"Pegasus Application Server is up and flying...","time":"2014-11-05T14:04:01.610Z","v":0}
{"name":"application_server","hostname":"TlanPA-NB06","pid":7548,"level":30,"msg":"Starting server blocks...","time":"2014-11-05T14:04:05.496Z","v":0}
{"name":"application_server","hostname":"TlanPA-NB06","pid":7548,"widget_type":"pas-core","level":30,"msg":"Initializing Application Server Core block...","time":"2014-11-05T14:04:05.503Z","v":0}
{"name":"application_server","hostname":"TlanPA-NB06","pid":7548,"widget_type":"pas-router","level":30,"msg":"Configuring ExpressJS for routing...","time":"2014-11-05T14:04:06.423Z","v":0}
{"name":"application_server","hostname":"TlanPA-NB06","pid":7548,"widget_type":"pas-router","level":30,"msg":"Loading API  /app/nbapi/routes","time":"2014-11-05T14:04:06.536Z","v":0}
{"name":"application_server","hostname":"TlanPA-NB06","pid":7548,"widget_type":"pas-router","level":30,"msg":"Publishing folder  /public","time":"2014-11-05T14:04:06.565Z","v":0}
{"name":"application_server","hostname":"TlanPA-NB06","pid":7548,"widget_type":"pas-router","level":30,"msg":"Creating http server...","time":"2014-11-05T14:04:06.565Z","v":0}
{"name":"application_server","hostname":"TlanPA-NB06","pid":7548,"widget_type":"pas-router","level":30,"msg":"Pegasus HTTP Server listening on port  5000","time":"2014-11-05T14:04:06.573Z","v":0}
{"name":"application_server","hostname":"TlanPA-NB06","pid":7548,"widget_type":"pas-router","level":40,"msg":"Pegasus HTTPS Server is not enabled! Please consider enable it to provide a secure API.","time":"2014-11-05T14:04:06.573Z","v":0}
{"name":"application_server","hostname":"TlanPA-NB06","pid":7548,"level":30,"msg":"Pegasus Application Server is up and flying...","time":"2014-11-05T14:04:06.573Z","v":0}
{"name":"application_server","hostname":"TlanPA-NB06","pid":2404,"level":30,"msg":"Starting server blocks...","time":"2014-11-05T14:06:04.743Z","v":0}
{"name":"application_server","hostname":"TlanPA-NB06","pid":2404,"widget_type":"pas-core","level":30,"msg":"Initializing Application Server Core block...","time":"2014-11-05T14:06:04.743Z","v":0}
{"name":"application_server","hostname":"TlanPA-NB06","pid":2404,"widget_type":"pas-router","level":30,"msg":"Configuring ExpressJS for routing...","time":"2014-11-05T14:06:05.618Z","v":0}
{"name":"application_server","hostname":"TlanPA-NB06","pid":2404,"widget_type":"pas-router","level":30,"msg":"Loading API  /app/nbapi/routes","time":"2014-11-05T14:06:05.727Z","v":0}
{"name":"application_server","hostname":"TlanPA-NB06","pid":2404,"widget_type":"pas-router","level":30,"msg":"Publishing folder  /public","time":"2014-11-05T14:06:05.759Z","v":0}
{"name":"application_server","hostname":"TlanPA-NB06","pid":2404,"widget_type":"pas-router","level":30,"msg":"Creating http server...","time":"2014-11-05T14:06:05.759Z","v":0}
{"name":"application_server","hostname":"TlanPA-NB06","pid":2404,"widget_type":"pas-router","level":30,"msg":"Pegasus HTTP Server listening on port  5000","time":"2014-11-05T14:06:05.759Z","v":0}
{"name":"application_server","hostname":"TlanPA-NB06","pid":2404,"widget_type":"pas-router","level":40,"msg":"Pegasus HTTPS Server is not enabled! Please consider enable it to provide a secure API.","time":"2014-11-05T14:06:05.759Z","v":0}
{"name":"application_server","hostname":"TlanPA-NB06","pid":2404,"level":30,"msg":"Pegasus Application Server is up and flying...","time":"2014-11-05T14:06:05.759Z","v":0}
{"name":"application_server","hostname":"TlanPA-NB06","pid":7500,"level":30,"msg":"Starting server blocks...","time":"2014-11-05T14:09:00.567Z","v":0}
{"name":"application_server","hostname":"TlanPA-NB06","pid":7500,"widget_type":"pas-core","level":30,"msg":"Initializing Application Server Core block...","time":"2014-11-05T14:09:00.573Z","v":0}
{"name":"application_server","hostname":"TlanPA-NB06","pid":7500,"widget_type":"pas-router","level":30,"msg":"Configuring ExpressJS for routing...","time":"2014-11-05T14:09:01.511Z","v":0}
{"name":"application_server","hostname":"TlanPA-NB06","pid":7500,"widget_type":"pas-router","level":30,"msg":"Loading API  /app/nbapi/routes","time":"2014-11-05T14:09:01.635Z","v":0}
{"name":"application_server","hostname":"TlanPA-NB06","pid":7500,"widget_type":"pas-router","level":30,"msg":"Creating http server...","time":"2014-11-05T14:09:01.664Z","v":0}
{"name":"application_server","hostname":"TlanPA-NB06","pid":7500,"widget_type":"pas-router","level":30,"msg":"Pegasus HTTP Server listening on port  5000","time":"2014-11-05T14:09:01.672Z","v":0}
{"name":"application_server","hostname":"TlanPA-NB06","pid":7500,"widget_type":"pas-router","level":40,"msg":"Pegasus HTTPS Server is not enabled! Please consider enable it to provide a secure API.","time":"2014-11-05T14:09:01.673Z","v":0}
{"name":"application_server","hostname":"TlanPA-NB06","pid":7500,"level":30,"msg":"Pegasus Application Server is up and flying...","time":"2014-11-05T14:09:01.673Z","v":0}
{"name":"application_server","hostname":"TlanPA-NB06","pid":7492,"level":30,"msg":"Starting server blocks...","time":"2014-11-05T14:09:05.893Z","v":0}
{"name":"application_server","hostname":"TlanPA-NB06","pid":7492,"widget_type":"pas-core","level":30,"msg":"Initializing Application Server Core block...","time":"2014-11-05T14:09:05.908Z","v":0}
{"name":"application_server","hostname":"TlanPA-NB06","pid":7492,"widget_type":"pas-router","level":30,"msg":"Configuring ExpressJS for routing...","time":"2014-11-05T14:09:06.785Z","v":0}
{"name":"application_server","hostname":"TlanPA-NB06","pid":7492,"widget_type":"pas-router","level":30,"msg":"Loading API  /app/nbapi/routes","time":"2014-11-05T14:09:06.910Z","v":0}
{"name":"application_server","hostname":"TlanPA-NB06","pid":7492,"widget_type":"pas-router","level":30,"msg":"Creating http server...","time":"2014-11-05T14:09:06.941Z","v":0}
{"name":"application_server","hostname":"TlanPA-NB06","pid":7492,"widget_type":"pas-router","level":30,"msg":"Pegasus HTTP Server listening on port  5000","time":"2014-11-05T14:09:06.941Z","v":0}
{"name":"application_server","hostname":"TlanPA-NB06","pid":7492,"widget_type":"pas-router","level":40,"msg":"Pegasus HTTPS Server is not enabled! Please consider enable it to provide a secure API.","time":"2014-11-05T14:09:06.941Z","v":0}
{"name":"application_server","hostname":"TlanPA-NB06","pid":7492,"level":30,"msg":"Pegasus Application Server is up and flying...","time":"2014-11-05T14:09:06.941Z","v":0}
{"name":"application_server","hostname":"TlanPA-NB06","pid":4788,"level":30,"msg":"Starting server blocks...","time":"2014-11-05T14:11:52.274Z","v":0}
{"name":"application_server","hostname":"TlanPA-NB06","pid":4788,"widget_type":"pas-core","level":30,"msg":"Initializing Application Server Core block...","time":"2014-11-05T14:11:52.274Z","v":0}
{"name":"application_server","hostname":"TlanPA-NB06","pid":4788,"widget_type":"pas-router","level":30,"msg":"Configuring ExpressJS for routing...","time":"2014-11-05T14:11:53.180Z","v":0}
{"name":"application_server","hostname":"TlanPA-NB06","pid":4788,"widget_type":"pas-router","level":30,"msg":"Loading API  /app/nbapi/routes","time":"2014-11-05T14:11:53.289Z","v":0}
{"name":"application_server","hostname":"TlanPA-NB06","pid":4788,"widget_type":"pas-router","level":30,"msg":"Creating http server...","time":"2014-11-05T14:11:53.305Z","v":0}
{"name":"application_server","hostname":"TlanPA-NB06","pid":4788,"widget_type":"pas-router","level":30,"msg":"Pegasus HTTP Server listening on port  5000","time":"2014-11-05T14:11:53.320Z","v":0}
{"name":"application_server","hostname":"TlanPA-NB06","pid":4788,"widget_type":"pas-router","level":40,"msg":"Pegasus HTTPS Server is not enabled! Please consider enable it to provide a secure API.","time":"2014-11-05T14:11:53.320Z","v":0}
{"name":"application_server","hostname":"TlanPA-NB06","pid":4788,"level":30,"msg":"Pegasus Application Server is up and flying...","time":"2014-11-05T14:11:53.320Z","v":0}
{"name":"application_server","hostname":"TlanPA-NB06","pid":9904,"level":30,"msg":"Starting server blocks...","time":"2014-11-05T14:12:32.864Z","v":0}
{"name":"application_server","hostname":"TlanPA-NB06","pid":9904,"widget_type":"pas-core","level":30,"msg":"Initializing Application Server Core block...","time":"2014-11-05T14:12:32.869Z","v":0}
{"name":"application_server","hostname":"TlanPA-NB06","pid":9904,"widget_type":"pas-router","level":30,"msg":"Configuring ExpressJS for routing...","time":"2014-11-05T14:12:33.773Z","v":0}
{"name":"application_server","hostname":"TlanPA-NB06","pid":9904,"widget_type":"pas-router","level":30,"msg":"Loading API  /app/nbapi/routes","time":"2014-11-05T14:12:33.877Z","v":0}
{"name":"application_server","hostname":"TlanPA-NB06","pid":9904,"widget_type":"pas-router","level":30,"msg":"Creating http server...","time":"2014-11-05T14:12:33.904Z","v":0}
{"name":"application_server","hostname":"TlanPA-NB06","pid":9904,"widget_type":"pas-router","level":30,"msg":"Pegasus HTTP Server listening on port  5000","time":"2014-11-05T14:12:33.910Z","v":0}
{"name":"application_server","hostname":"TlanPA-NB06","pid":9904,"widget_type":"pas-router","level":40,"msg":"Pegasus HTTPS Server is not enabled! Please consider enable it to provide a secure API.","time":"2014-11-05T14:12:33.911Z","v":0}
{"name":"application_server","hostname":"TlanPA-NB06","pid":9904,"level":30,"msg":"Pegasus Application Server is up and flying...","time":"2014-11-05T14:12:33.911Z","v":0}
{"name":"application_server","hostname":"TlanPA-NB06","pid":7544,"level":30,"msg":"Starting server blocks...","time":"2014-11-05T14:13:02.961Z","v":0}
{"name":"application_server","hostname":"TlanPA-NB06","pid":7544,"widget_type":"pas-core","level":30,"msg":"Initializing Application Server Core block...","time":"2014-11-05T14:13:02.976Z","v":0}
{"name":"application_server","hostname":"TlanPA-NB06","pid":7544,"widget_type":"pas-router","level":30,"msg":"Configuring ExpressJS for routing...","time":"2014-11-05T14:13:03.898Z","v":0}
{"name":"application_server","hostname":"TlanPA-NB06","pid":7544,"widget_type":"pas-router","level":30,"msg":"Loading API  /app/nbapi/routes","time":"2014-11-05T14:13:04.007Z","v":0}
{"name":"application_server","hostname":"TlanPA-NB06","pid":7544,"widget_type":"pas-router","level":30,"msg":"Creating http server...","time":"2014-11-05T14:13:04.039Z","v":0}
{"name":"application_server","hostname":"TlanPA-NB06","pid":7544,"widget_type":"pas-router","level":30,"msg":"Pegasus HTTP Server listening on port  5000","time":"2014-11-05T14:13:04.054Z","v":0}
{"name":"application_server","hostname":"TlanPA-NB06","pid":7544,"widget_type":"pas-router","level":40,"msg":"Pegasus HTTPS Server is not enabled! Please consider enable it to provide a secure API.","time":"2014-11-05T14:13:04.054Z","v":0}
{"name":"application_server","hostname":"TlanPA-NB06","pid":7544,"level":30,"msg":"Pegasus Application Server is up and flying...","time":"2014-11-05T14:13:04.054Z","v":0}
{"name":"application_server","hostname":"TlanPA-NB06","pid":5868,"level":30,"msg":"Starting server blocks...","time":"2014-11-05T14:14:23.223Z","v":0}
{"name":"application_server","hostname":"TlanPA-NB06","pid":5868,"widget_type":"pas-core","level":30,"msg":"Initializing Application Server Core block...","time":"2014-11-05T14:14:23.228Z","v":0}
{"name":"application_server","hostname":"TlanPA-NB06","pid":5868,"widget_type":"pas-router","level":30,"msg":"Configuring ExpressJS for routing...","time":"2014-11-05T14:14:24.190Z","v":0}
{"name":"application_server","hostname":"TlanPA-NB06","pid":5868,"widget_type":"pas-router","level":30,"msg":"Loading API  /app/nbapi/routes","time":"2014-11-05T14:14:24.312Z","v":0}
{"name":"application_server","hostname":"TlanPA-NB06","pid":5868,"widget_type":"pas-router","level":30,"msg":"Creating http server...","time":"2014-11-05T14:14:24.340Z","v":0}
{"name":"application_server","hostname":"TlanPA-NB06","pid":5868,"widget_type":"pas-router","level":30,"msg":"Pegasus HTTP Server listening on port  5000","time":"2014-11-05T14:14:24.348Z","v":0}
{"name":"application_server","hostname":"TlanPA-NB06","pid":5868,"widget_type":"pas-router","level":40,"msg":"Pegasus HTTPS Server is not enabled! Please consider enable it to provide a secure API.","time":"2014-11-05T14:14:24.348Z","v":0}
{"name":"application_server","hostname":"TlanPA-NB06","pid":5868,"level":30,"msg":"Pegasus Application Server is up and flying...","time":"2014-11-05T14:14:24.348Z","v":0}
{"name":"application_server","hostname":"TlanPA-NB06","pid":7304,"level":30,"msg":"Starting server blocks...","time":"2014-11-05T14:15:13.380Z","v":0}
{"name":"application_server","hostname":"TlanPA-NB06","pid":7304,"widget_type":"pas-core","level":30,"msg":"Initializing Application Server Core block...","time":"2014-11-05T14:15:13.385Z","v":0}
{"name":"application_server","hostname":"TlanPA-NB06","pid":7304,"widget_type":"pas-router","level":30,"msg":"Configuring ExpressJS for routing...","time":"2014-11-05T14:15:14.310Z","v":0}
{"name":"application_server","hostname":"TlanPA-NB06","pid":7304,"widget_type":"pas-router","level":30,"msg":"Loading API  /app/nbapi/routes","time":"2014-11-05T14:15:14.429Z","v":0}
{"name":"application_server","hostname":"TlanPA-NB06","pid":7304,"widget_type":"pas-router","level":30,"msg":"Creating http server...","time":"2014-11-05T14:15:14.459Z","v":0}
{"name":"application_server","hostname":"TlanPA-NB06","pid":7304,"widget_type":"pas-router","level":30,"msg":"Pegasus HTTP Server listening on port  5000","time":"2014-11-05T14:15:14.465Z","v":0}
{"name":"application_server","hostname":"TlanPA-NB06","pid":7304,"widget_type":"pas-router","level":40,"msg":"Pegasus HTTPS Server is not enabled! Please consider enable it to provide a secure API.","time":"2014-11-05T14:15:14.466Z","v":0}
{"name":"application_server","hostname":"TlanPA-NB06","pid":7304,"level":30,"msg":"Pegasus Application Server is up and flying...","time":"2014-11-05T14:15:14.466Z","v":0}
